Unity Editor version:    2020.3.27f1 (e759542391ea)
Branch:                  2020.3/release
Build type:              Release
Batch mode:              YES
macOS version:           Version 11.6.5 (Build 20G527)
Darwin version:          20.6.0
Architecture:            x86_64
Running under Rosetta:   NO
Available memory:        16384 MB
Using pre-set license
Pro License: NO

COMMAND LINE ARGUMENTS:
/Applications/2020.3.27f1/Unity.app/Contents/MacOS/Unity
-adb2
-batchMode
-noUpm
-name
AssetImportWorker0
-projectPath
/Users/student/My project (3)
-logFile
Logs/AssetImportWorker0.log
-srvPort
62698
Successfully changed project path to: /Users/student/My project (3)
/Users/student/My project (3)
Using Asset Import Pipeline V2.
Refreshing native plugins compatible for Editor in 23.79 ms, found 2 plugins.
Preloading 0 native plugins for Editor in 0.00 ms.
Initialize engine version: 2020.3.27f1 (e759542391ea)
[Subsystems] Discovering subsystems at path /Applications/2020.3.27f1/Unity.app/Contents/Resources/UnitySubsystems
[Subsystems] Discovering subsystems at path /Users/student/My project (3)/Assets
GfxDevice: creating device client; threaded=0
2024-03-27 09:16:20.022 Unity[20133:1093540] iMac preferred device: AMD Radeon Pro 5500 XT (high power)
2024-03-27 09:16:20.022 Unity[20133:1093540] Metal devices available: 1
2024-03-27 09:16:20.022 Unity[20133:1093540] 0: AMD Radeon Pro 5500 XT (high power)
2024-03-27 09:16:20.023 Unity[20133:1093540] Using device AMD Radeon Pro 5500 XT (high power)
Initializing Metal device caps: AMD Radeon Pro 5500 XT
Initialize mono
Mono path[0] = '/Applications/2020.3.27f1/Unity.app/Contents/Managed'
Mono path[1] = '/Applications/2020.3.27f1/Unity.app/Contents/MonoBleedingEdge/lib/mono/unityjit'
Mono config path = '/Applications/2020.3.27f1/Unity.app/Contents/MonoBleedingEdge/etc'
Using monoOptions --debugger-agent=transport=dt_socket,embedding=1,server=y,suspend=n,address=127.0.0.1:56133
Begin MonoManager ReloadAssembly
Registering precompiled unity dll's ...
Register platform support module: /Applications/2020.3.27f1/Unity.app/Contents/PlaybackEngines/MacStandaloneSupport/UnityEditor.OSXStandalone.Extensions.dll
Registered in 0.000463 seconds.
Native extension for OSXStandalone target not found
Refreshing native plugins compatible for Editor in 22.88 ms, found 2 plugins.
Preloading 0 native plugins for Editor in 0.00 ms.
Mono: successfully reloaded assembly
- Completed reload, in  0.521 seconds
Domain Reload Profiling:
	ReloadAssembly (521ms)
		BeginReloadAssembly (38ms)
			ExecutionOrderSort (0ms)
			DisableScriptedObjects (0ms)
			BackupInstance (0ms)
			ReleaseScriptingObjects (0ms)
			CreateAndSetChildDomain (1ms)
		EndReloadAssembly (417ms)
			LoadAssemblies (38ms)
			RebuildTransferFunctionScriptingTraits (0ms)
			SetupTypeCache (158ms)
			ReleaseScriptCaches (0ms)
			RebuildScriptCaches (33ms)
			SetupLoadedEditorAssemblies (152ms)
				LogAssemblyErrors (0ms)
				InitializePlatformSupportModulesInManaged (4ms)
				SetLoadedEditorAssemblies (0ms)
				RefreshPlugins (23ms)
				BeforeProcessingInitializeOnLoad (7ms)
				ProcessInitializeOnLoadAttributes (92ms)
				ProcessInitializeOnLoadMethodAttributes (26ms)
				AfterProcessingInitializeOnLoad (0ms)
				EditorAssembliesLoaded (0ms)
			ExecutionOrderSort2 (0ms)
			AwakeInstancesAfterBackupRestoration (0ms)
Platform modules already initialized, skipping
Registering precompiled user dll's ...
Registered in 0.001570 seconds.
Begin MonoManager ReloadAssembly
Native extension for OSXStandalone target not found
Refreshing native plugins compatible for Editor in 0.27 ms, found 2 plugins.
Preloading 0 native plugins for Editor in 0.00 ms.
Mono: successfully reloaded assembly
- Completed reload, in  0.924 seconds
Domain Reload Profiling:
	ReloadAssembly (924ms)
		BeginReloadAssembly (135ms)
			ExecutionOrderSort (0ms)
			DisableScriptedObjects (5ms)
			BackupInstance (0ms)
			ReleaseScriptingObjects (0ms)
			CreateAndSetChildDomain (26ms)
		EndReloadAssembly (733ms)
			LoadAssemblies (63ms)
			RebuildTransferFunctionScriptingTraits (0ms)
			SetupTypeCache (282ms)
			ReleaseScriptCaches (0ms)
			RebuildScriptCaches (43ms)
			SetupLoadedEditorAssemblies (246ms)
				LogAssemblyErrors (0ms)
				InitializePlatformSupportModulesInManaged (4ms)
				SetLoadedEditorAssemblies (0ms)
				RefreshPlugins (0ms)
				BeforeProcessingInitializeOnLoad (40ms)
				ProcessInitializeOnLoadAttributes (193ms)
				ProcessInitializeOnLoadMethodAttributes (8ms)
				AfterProcessingInitializeOnLoad (1ms)
				EditorAssembliesLoaded (0ms)
			ExecutionOrderSort2 (0ms)
			AwakeInstancesAfterBackupRestoration (6ms)
Platform modules already initialized, skipping
Validating Project structure ... 0.000122 seconds.
Shader import version has changed; will reimport all shaders...
Upgrading shader files ...0.000187 seconds.
Application.AssetDatabase Initial Script Refresh Start
RefreshInfo: InitialScriptRefreshV2(NoUpdateAssetOptions) scanfilter:  ... 1 filters
RefreshProfiler: Total: 0.000ms
Application.AssetDatabase Initial Script Refresh End
Application.AssetDatabase.Refresh Start
Application.AssetDatabase.Refresh End
RefreshInfo: StopAssetImportingV2(ForceSynchronousImport) scanfilter: 
RefreshProfiler: Total: 0.000ms
Launching external process: /Applications/2020.3.27f1/Unity.app/Contents/Tools/UnityShaderCompiler
Launched and connected shader compiler UnityShaderCompiler after 0.01 seconds
Initializing Unity extensions:
========================================================================
Worker process is ready to serve import requests
Refreshing native plugins compatible for Editor in 0.24 ms, found 2 plugins.
Preloading 0 native plugins for Editor in 0.00 ms.
Unloading 1504 Unused Serialized files (Serialized files now loaded: 0)
System memory in use before: 176.0 MB.
System memory in use after: 175.1 MB.

Unloading 80 unused Assets to reduce memory usage. Loaded Objects now: 1975.
Total: 2.498175 ms (FindLiveObjects: 0.102571 ms CreateObjectMapping: 0.036996 ms MarkObjects: 1.977194 ms  DeleteObjects: 0.380835 ms)

AssetImportParameters requested are different than current active one (requested -> active):
  custom:video-decoder-ogg-theora: a1e56fd34408186e4bbccfd4996cb3dc -> 
  custom:container-muxer-webm: aa71ff27fc2769a1b78a27578f13a17b -> 
  custom:container-demuxer-webm: 4f35f7cbe854078d1ac9338744f61a02 -> 
  custom:container-demuxer-ogg: 62fdf1f143b41e24485cea50d1cbac27 -> 
  custom:video-encoder-webm-vp8: eb34c28f22e8b96e1ab97ce403110664 -> 
  custom:framework-osx-AVFoundation: e770b220cccbd017edd2c1fefb359320 -> 
  custom:video-decoder-webm-vp8: 9c59270c3fd7afecdb556c50c9e8de78 -> 
  custom:audio-decoder-ogg-vorbis: bf7c407c2cedff20999df2af8eb42d56 -> 
  custom:audio-encoder-webm-vorbis: bf7c407c2cedff20999df2af8eb42d56 -> 
========================================================================
Received Import Request.
  path: Assets/Grass.png
  artifactKey: Guid(a5c93a980bc104b63844bdf31c76bd9f) Importer(815301076,1909f56bfc062723c751e8b465ee728b)
Start importing Assets/Grass.png using Guid(a5c93a980bc104b63844bdf31c76bd9f) Importer(815301076,1909f56bfc062723c751e8b465ee728b)  -> (artifact id: '26b96c12a49836531ec3c169de74aa53') in 0.742975 seconds 
  Import took 0.748680 seconds .

========================================================================
Received Import Request.
  Time since last request: 10.541231 seconds.
  path: Assets/Pipes.png
  artifactKey: Guid(9578b19b138e64a5e88a40046dc2dd10) Importer(815301076,1909f56bfc062723c751e8b465ee728b)
Start importing Assets/Pipes.png using Guid(9578b19b138e64a5e88a40046dc2dd10) Importer(815301076,1909f56bfc062723c751e8b465ee728b)  -> (artifact id: '982435f5b3e346fe42b65ac738dada8b') in 0.007955 seconds 
  Import took 0.010324 seconds .

========================================================================
Received Import Request.
  Time since last request: 18.556833 seconds.
  path: Assets/Trees.png
  artifactKey: Guid(ea63fdd0354be4252ae5ce0a3e544fe9) Importer(815301076,1909f56bfc062723c751e8b465ee728b)
Start importing Assets/Trees.png using Guid(ea63fdd0354be4252ae5ce0a3e544fe9) Importer(815301076,1909f56bfc062723c751e8b465ee728b)  -> (artifact id: '7ccd899231f44ed3ae4c27c0af30a69e') in 0.007488 seconds 
  Import took 0.010453 seconds .

========================================================================
Received Import Request.
  Time since last request: 8.165231 seconds.
  path: Assets/Sky.png
  artifactKey: Guid(f2f86760e69664108816cfb0fecf8724) Importer(815301076,1909f56bfc062723c751e8b465ee728b)
Start importing Assets/Sky.png using Guid(f2f86760e69664108816cfb0fecf8724) Importer(815301076,1909f56bfc062723c751e8b465ee728b)  -> (artifact id: '0a3baf69f03563a97c8fae5c69978726') in 0.006974 seconds 
  Import took 0.009713 seconds .

========================================================================
Received Import Request.
  Time since last request: 8.357339 seconds.
  path: Assets/Red_Bird.png
  artifactKey: Guid(4a5212ad213f6456b9b484bee4f0a24c) Importer(815301076,1909f56bfc062723c751e8b465ee728b)
Start importing Assets/Red_Bird.png using Guid(4a5212ad213f6456b9b484bee4f0a24c) Importer(815301076,1909f56bfc062723c751e8b465ee728b)  -> (artifact id: 'cdd5425f90e987fc988fa7184b76129f') in 0.006758 seconds 
  Import took 0.009053 seconds .

========================================================================
Received Import Request.
  Time since last request: 3.413830 seconds.
  path: Assets/Red_Bird 1.png
  artifactKey: Guid(063c81f297d38484d80977d34ce6e757) Importer(815301076,1909f56bfc062723c751e8b465ee728b)
Start importing Assets/Red_Bird 1.png using Guid(063c81f297d38484d80977d34ce6e757) Importer(815301076,1909f56bfc062723c751e8b465ee728b)  -> (artifact id: 'ad24b558bb8a5f930739083442ab490c') in 0.006659 seconds 
  Import took 0.008710 seconds .

========================================================================
Received Import Request.
  Time since last request: 62.578042 seconds.
  path: Assets/Clouds.png
  artifactKey: Guid(640ebc02bd409406192f92751ea9bfff) Importer(815301076,1909f56bfc062723c751e8b465ee728b)
Start importing Assets/Clouds.png using Guid(640ebc02bd409406192f92751ea9bfff) Importer(815301076,1909f56bfc062723c751e8b465ee728b)  -> (artifact id: '1d9c8c052bd4f3b8b4b31cba89e021e9') in 0.006728 seconds 
  Import took 0.009117 seconds .

========================================================================
Received Import Request.
  Time since last request: 10.640218 seconds.
  path: Assets/Buildings.png
  artifactKey: Guid(cd60b2c5a878c4609a44cd037c52d68c) Importer(815301076,1909f56bfc062723c751e8b465ee728b)
Start importing Assets/Buildings.png using Guid(cd60b2c5a878c4609a44cd037c52d68c) Importer(815301076,1909f56bfc062723c751e8b465ee728b)  -> (artifact id: 'e75d2fdbf68dffcbca2ce472aa7ddfef') in 0.006383 seconds 
  Import took 0.008676 seconds .

========================================================================
Received Import Request.
  Time since last request: 103.993804 seconds.
  path: Assets/Sky.png
  artifactKey: Guid(f2f86760e69664108816cfb0fecf8724) Importer(815301076,1909f56bfc062723c751e8b465ee728b)
Start importing Assets/Sky.png using Guid(f2f86760e69664108816cfb0fecf8724) Importer(815301076,1909f56bfc062723c751e8b465ee728b)  -> (artifact id: 'e345c5b203a4f8433f7eaa1bf2f06c25') in 0.023529 seconds 
  Import took 0.026258 seconds .

========================================================================
Received Import Request.
  Time since last request: 64.499508 seconds.
  path: Assets/Red_Bird.png
  artifactKey: Guid(4a5212ad213f6456b9b484bee4f0a24c) Importer(815301076,1909f56bfc062723c751e8b465ee728b)
Start importing Assets/Red_Bird.png using Guid(4a5212ad213f6456b9b484bee4f0a24c) Importer(815301076,1909f56bfc062723c751e8b465ee728b)  -> (artifact id: '9ec26e83cb3b9c854593c9ec066ff139') in 0.011121 seconds 
  Import took 0.013529 seconds .

========================================================================
Received Import Request.
  Time since last request: 8.009045 seconds.
  path: Assets/Pipes.png
  artifactKey: Guid(9578b19b138e64a5e88a40046dc2dd10) Importer(815301076,1909f56bfc062723c751e8b465ee728b)
Start importing Assets/Pipes.png using Guid(9578b19b138e64a5e88a40046dc2dd10) Importer(815301076,1909f56bfc062723c751e8b465ee728b)  -> (artifact id: '730445bf6910190af634373b5e2fee42') in 0.013924 seconds 
  Import took 0.015992 seconds .

========================================================================
Received Import Request.
  Time since last request: 19.187492 seconds.
  path: Assets/Grass.png
  artifactKey: Guid(a5c93a980bc104b63844bdf31c76bd9f) Importer(815301076,1909f56bfc062723c751e8b465ee728b)
Start importing Assets/Grass.png using Guid(a5c93a980bc104b63844bdf31c76bd9f) Importer(815301076,1909f56bfc062723c751e8b465ee728b)  -> (artifact id: '9c39a65733bca554f34e570282611fbc') in 0.010154 seconds 
  Import took 0.012583 seconds .

========================================================================
Received Import Request.
  Time since last request: 8.469212 seconds.
  path: Assets/Clouds.png
  artifactKey: Guid(640ebc02bd409406192f92751ea9bfff) Importer(815301076,1909f56bfc062723c751e8b465ee728b)
Start importing Assets/Clouds.png using Guid(640ebc02bd409406192f92751ea9bfff) Importer(815301076,1909f56bfc062723c751e8b465ee728b)  -> (artifact id: '0960c335c7d859e6ffd182c57587702d') in 0.012590 seconds 
  Import took 0.014661 seconds .

========================================================================
Received Import Request.
  Time since last request: 6.154021 seconds.
  path: Assets/Buildings.png
  artifactKey: Guid(cd60b2c5a878c4609a44cd037c52d68c) Importer(815301076,1909f56bfc062723c751e8b465ee728b)
Start importing Assets/Buildings.png using Guid(cd60b2c5a878c4609a44cd037c52d68c) Importer(815301076,1909f56bfc062723c751e8b465ee728b)  -> (artifact id: '5e64c12e9cd2cb5567a82863d819d28f') in 0.755091 seconds 
  Import took 0.757215 seconds .

========================================================================
Received Import Request.
  Time since last request: 5.570525 seconds.
  path: Assets/Trees.png
  artifactKey: Guid(ea63fdd0354be4252ae5ce0a3e544fe9) Importer(815301076,1909f56bfc062723c751e8b465ee728b)
Start importing Assets/Trees.png using Guid(ea63fdd0354be4252ae5ce0a3e544fe9) Importer(815301076,1909f56bfc062723c751e8b465ee728b)  -> (artifact id: '8fb870ad87a8bf66e48d26720b3f17be') in 0.013724 seconds 
  Import took 0.016098 seconds .

========================================================================
Received Import Request.
  Time since last request: 41.038759 seconds.
  path: ProjectSettings/TagManager.asset
  artifactKey: Guid(00000000000000003000000000000000) Importer(815301076,1909f56bfc062723c751e8b465ee728b)
Start importing ProjectSettings/TagManager.asset using Guid(00000000000000003000000000000000) Importer(815301076,1909f56bfc062723c751e8b465ee728b)  -> (artifact id: 'ce6a35c3cddc746e7501c0bd0ed6d4ce') in 0.753473 seconds 
  Import took 0.756912 seconds .

AssetImportWorkerClient::OnTransportError - code=2 error=End of file
